<?xml version="1.0" encoding="UTF-8"?>
<!-- Generated by org.testng.reporters.JUnitReportReporter -->
<testsuite skipped="0" hostname="DESKTOP-BV8MMDS" name="com.testfan.mybatis.TUser2MapperTest" tests="1" failures="0" timestamp="05 八月 2018 01:35:21 GMT" time="1.462" errors="0">
  <testcase name="countByExample" time="1.462" classname="com.testfan.mybatis.TUser2MapperTest"/>
</testsuite> <!-- com.testfan.mybatis.TUser2MapperTest -->
