<?xml version="1.0" encoding="UTF-8"?>
<!-- Generated by org.testng.reporters.JUnitReportReporter -->
<testsuite skipped="0" hostname="DESKTOP-BV8MMDS" name="com.testfan.mybatis.TUserMapperTest" tests="10" failures="0" timestamp="05 八月 2018 01:35:21 GMT" time="0.097" errors="0">
  <testcase name="add" time="0.011" classname="com.testfan.mybatis.TUserMapperTest"/>
  <testcase name="add" time="0.009" classname="com.testfan.mybatis.TUserMapperTest"/>
  <testcase name="add" time="0.008" classname="com.testfan.mybatis.TUserMapperTest"/>
  <testcase name="add" time="0.011" classname="com.testfan.mybatis.TUserMapperTest"/>
  <testcase name="add" time="0.009" classname="com.testfan.mybatis.TUserMapperTest"/>
  <testcase name="add" time="0.009" classname="com.testfan.mybatis.TUserMapperTest"/>
  <testcase name="add" time="0.008" classname="com.testfan.mybatis.TUserMapperTest"/>
  <testcase name="add" time="0.009" classname="com.testfan.mybatis.TUserMapperTest"/>
  <testcase name="add" time="0.011" classname="com.testfan.mybatis.TUserMapperTest"/>
  <testcase name="add" time="0.012" classname="com.testfan.mybatis.TUserMapperTest"/>
</testsuite> <!-- com.testfan.mybatis.TUserMapperTest -->
