<?xml version="1.0" encoding="UTF-8"?>
<!-- Generated by org.testng.reporters.JUnitReportReporter -->
<testsuite skipped="0" hostname="DESKTOP-BV8MMDS" name="com.testfan.mybatis.MybatisTestNg" tests="1" failures="0" timestamp="28 七月 2018 01:36:13 GMT" time="0.789" errors="0">
  <testcase name="testDao" time="0.789" classname="com.testfan.mybatis.MybatisTestNg"/>
</testsuite> <!-- com.testfan.mybatis.MybatisTestNg -->
