<?xml version="1.0" encoding="UTF-8"?>
<!-- Generated by org.testng.reporters.JUnitReportReporter -->
<testsuite skipped="0" hostname="DESKTOP-BV8MMDS" name="com.testfan.mybatis.TUserMapperTest" tests="13" failures="0" timestamp="03 八月 2018 02:10:35 GMT" time="0.782" errors="0">
  <testcase name="insert" time="0.010" classname="com.testfan.mybatis.TUserMapperTest"/>
  <testcase name="deleteByPrimaryKey" time="0.622" classname="com.testfan.mybatis.TUserMapperTest"/>
  <testcase name="deleteByPrimaryKey" time="0.015" classname="com.testfan.mybatis.TUserMapperTest"/>
  <testcase name="deleteByPrimaryKey" time="0.015" classname="com.testfan.mybatis.TUserMapperTest"/>
  <testcase name="deleteByPrimaryKey" time="0.020" classname="com.testfan.mybatis.TUserMapperTest"/>
  <testcase name="deleteByPrimaryKey" time="0.015" classname="com.testfan.mybatis.TUserMapperTest"/>
  <testcase name="insert" time="0.010" classname="com.testfan.mybatis.TUserMapperTest"/>
  <testcase name="deleteByPrimaryKey" time="0.010" classname="com.testfan.mybatis.TUserMapperTest"/>
  <testcase name="deleteByPrimaryKey" time="0.015" classname="com.testfan.mybatis.TUserMapperTest"/>
  <testcase name="insert" time="0.010" classname="com.testfan.mybatis.TUserMapperTest"/>
  <testcase name="deleteByPrimaryKey" time="0.010" classname="com.testfan.mybatis.TUserMapperTest"/>
  <testcase name="deleteByPrimaryKey" time="0.020" classname="com.testfan.mybatis.TUserMapperTest"/>
  <testcase name="deleteByPrimaryKey" time="0.010" classname="com.testfan.mybatis.TUserMapperTest"/>
</testsuite> <!-- com.testfan.mybatis.TUserMapperTest -->
