<?xml version="1.0" encoding="UTF-8"?>
<!-- Generated by org.testng.reporters.JUnitReportReporter -->
<testsuite skipped="0" hostname="DESKTOP-BV8MMDS" name="com.testfan.testng.DataProviderTest2" tests="10" failures="0" timestamp="29 七月 2018 05:48:36 GMT" time="0.603" errors="0">
  <testcase name="parameterIntTest" time="0.087" classname="com.testfan.testng.DataProviderTest2"/>
  <testcase name="parameterIntTest" time="0.065" classname="com.testfan.testng.DataProviderTest2"/>
  <testcase name="parameterIntTest" time="0.057" classname="com.testfan.testng.DataProviderTest2"/>
  <testcase name="parameterIntTest" time="0.112" classname="com.testfan.testng.DataProviderTest2"/>
  <testcase name="parameterIntTest" time="0.070" classname="com.testfan.testng.DataProviderTest2"/>
  <testcase name="parameterIntTest" time="0.015" classname="com.testfan.testng.DataProviderTest2"/>
  <testcase name="parameterIntTest" time="0.056" classname="com.testfan.testng.DataProviderTest2"/>
  <testcase name="parameterIntTest" time="0.023" classname="com.testfan.testng.DataProviderTest2"/>
  <testcase name="parameterIntTest" time="0.076" classname="com.testfan.testng.DataProviderTest2"/>
  <testcase name="parameterIntTest" time="0.042" classname="com.testfan.testng.DataProviderTest2"/>
</testsuite> <!-- com.testfan.testng.DataProviderTest2 -->
