<?xml version="1.0" encoding="UTF-8"?>
<!-- Generated by org.testng.reporters.JUnitReportReporter -->
<testsuite skipped="0" hostname="DESKTOP-BV8MMDS" name="com.testfan.testng.DataProviderTest1" tests="3" failures="0" timestamp="29 七月 2018 05:48:37 GMT" time="0.072" errors="0">
  <testcase name="parameterIntTest" time="0.008" classname="com.testfan.testng.DataProviderTest1"/>
  <testcase name="parameterIntTest" time="0.013" classname="com.testfan.testng.DataProviderTest1"/>
  <testcase name="parameterIntTest" time="0.051" classname="com.testfan.testng.DataProviderTest1"/>
</testsuite> <!-- com.testfan.testng.DataProviderTest1 -->
